<?xml version="1.0" encoding="UTF-8"?>
<!-- Generated by org.testng.reporters.JUnitXMLReporter -->
<testsuite ignored="0" hostname="DESKTOP-0RNRBME" failures="1" tests="1" name="Registered Number Test" time="25.01" errors="0" timestamp="2024-12-06T10:01:17 IST">
  <testcase classname="Registered_Private_car.Private_car" name="RegisteredCar" time="15.127">
    <failure type="org.openqa.selenium.NoSuchElementException" message="no such element: Unable to locate element: {&amp;quot;method&amp;quot;:&amp;quot;xpath&amp;quot;,&amp;quot;selector&amp;quot;:&amp;quot;/html/body/dx-dijta-home-root/dx-vertical-layout/dx-layout/content/dx-dijta-home-root/dx-compact-content/dx-layout-content/div/dx-dijta-home-dashboard/div/dx-group-wrapper/div/dx-launchpad/div/div/div/div/dx-gridster-wrapper/gridster/gridster-item[6]/div/app-webcomponent-loader/div/dx-dijta-home-basic-tile/div/div[2]/button/span&amp;quot;}
  (Session info: chrome=131.0.6778.87)
For documentation on this error, please visit: https://www.selenium.dev/documentation/webdriver/troubleshooting/errors#no-such-element-exception
Build info: version: &amp;apos;4.17.0&amp;apos;, revision: &amp;apos;e52b1be057*&amp;apos;
System info: os.name: &amp;apos;Windows 11&amp;apos;, os.arch: &amp;apos;amd64&amp;apos;, os.version: &amp;apos;10.0&amp;apos;, java.version: &amp;apos;21.0.1&amp;apos;
Driver info: org.openqa.selenium.chrome.ChromeDriver
Command: [d62b1d149bdd0033f86486b1cf33710b, findElement {using=xpath, value=/html/body/dx-dijta-home-root/dx-vertical-layout/dx-layout/content/dx-dijta-home-root/dx-compact-content/dx-layout-content/div/dx-dijta-home-dashboard/div/dx-group-wrapper/div/dx-launchpad/div/div/div/div/dx-gridster-wrapper/gridster/gridster-item[6]/div/app-webcomponent-loader/div/dx-dijta-home-basic-tile/div/div[2]/button/span}]
Capabilities {acceptInsecureCerts: false, browserName: chrome, browserVersion: 131.0.6778.87, chrome: {chromedriverVersion: 131.0.6778.87 (ce31cae94873..., userDataDir: C:\Users\dell\AppData\Local...}, fedcm:accounts: true, goog:chromeOptions: {debuggerAddress: localhost:52596}, networkConnectionEnabled: false, pageLoadStrategy: normal, platformName: windows, proxy: Proxy(), se:cdp: ws://localhost:52596/devtoo..., se:cdpVersion: 131.0.6778.87, setWindowRect: true, strictFileInteractability: false, timeouts: {implicit: 0, pageLoad: 300000, script: 30000}, unhandledPromptBehavior: dismiss and notify, webauthn:extension:credBlob: true, webauthn:extension:largeBlob: true, webauthn:extension:minPinLength: true, webauthn:extension:prf: true, webauthn:virtualAuthenticators: true}
Session ID: d62b1d149bdd0033f86486b1cf33710b">
      <![CDATA[org.openqa.selenium.NoSuchElementException: no such element: Unable to locate element: {"method":"xpath","selector":"/html/body/dx-dijta-home-root/dx-vertical-layout/dx-layout/content/dx-dijta-home-root/dx-compact-content/dx-layout-content/div/dx-dijta-home-dashboard/div/dx-group-wrapper/div/dx-launchpad/div/div/div/div/dx-gridster-wrapper/gridster/gridster-item[6]/div/app-webcomponent-loader/div/dx-dijta-home-basic-tile/div/div[2]/button/span"}
  (Session info: chrome=131.0.6778.87)
For documentation on this error, please visit: https://www.selenium.dev/documentation/webdriver/troubleshooting/errors#no-such-element-exception
Build info: version: '4.17.0', revision: 'e52b1be057*'
System info: os.name: 'Windows 11', os.arch: 'amd64', os.version: '10.0', java.version: '21.0.1'
Driver info: org.openqa.selenium.chrome.ChromeDriver
Command: [d62b1d149bdd0033f86486b1cf33710b, findElement {using=xpath, value=/html/body/dx-dijta-home-root/dx-vertical-layout/dx-layout/content/dx-dijta-home-root/dx-compact-content/dx-layout-content/div/dx-dijta-home-dashboard/div/dx-group-wrapper/div/dx-launchpad/div/div/div/div/dx-gridster-wrapper/gridster/gridster-item[6]/div/app-webcomponent-loader/div/dx-dijta-home-basic-tile/div/div[2]/button/span}]
Capabilities {acceptInsecureCerts: false, browserName: chrome, browserVersion: 131.0.6778.87, chrome: {chromedriverVersion: 131.0.6778.87 (ce31cae94873..., userDataDir: C:\Users\dell\AppData\Local...}, fedcm:accounts: true, goog:chromeOptions: {debuggerAddress: localhost:52596}, networkConnectionEnabled: false, pageLoadStrategy: normal, platformName: windows, proxy: Proxy(), se:cdp: ws://localhost:52596/devtoo..., se:cdpVersion: 131.0.6778.87, setWindowRect: true, strictFileInteractability: false, timeouts: {implicit: 0, pageLoad: 300000, script: 30000}, unhandledPromptBehavior: dismiss and notify, webauthn:extension:credBlob: true, webauthn:extension:largeBlob: true, webauthn:extension:minPinLength: true, webauthn:extension:prf: true, webauthn:virtualAuthenticators: true}
Session ID: d62b1d149bdd0033f86486b1cf33710b
at org.openqa.selenium.remote.codec.w3c.W3CHttpResponseCodec.createException(W3CHttpResponseCodec.java:185)
at org.openqa.selenium.remote.codec.w3c.W3CHttpResponseCodec.decode(W3CHttpResponseCodec.java:134)
at org.openqa.selenium.remote.codec.w3c.W3CHttpResponseCodec.decode(W3CHttpResponseCodec.java:51)
at org.openqa.selenium.remote.HttpCommandExecutor.execute(HttpCommandExecutor.java:190)
at org.openqa.selenium.remote.service.DriverCommandExecutor.invokeExecute(DriverCommandExecutor.java:216)
at org.openqa.selenium.remote.service.DriverCommandExecutor.execute(DriverCommandExecutor.java:174)
at org.openqa.selenium.remote.RemoteWebDriver.execute(RemoteWebDriver.java:519)
at org.openqa.selenium.remote.ElementLocation$ElementFinder$2.findElement(ElementLocation.java:165)
at org.openqa.selenium.remote.ElementLocation.findElement(ElementLocation.java:59)
at org.openqa.selenium.remote.RemoteWebDriver.findElement(RemoteWebDriver.java:356)
at org.openqa.selenium.remote.RemoteWebDriver.findElement(RemoteWebDriver.java:350)
at Z_Base.Base_Agent.Baseclick(Base_Agent.java:123)
at Registered_Private_car.Private_car.RegisteredCar(Private_car.java:64)
at java.base/java.util.ArrayList.forEach(ArrayList.java:1596)
... Removed 28 stack frames]]>
    </failure>
  </testcase> <!-- RegisteredCar -->
</testsuite> <!-- Registered Number Test -->
